TN:
SF:/Users/jun/dev/OII/jsdoctest/lib/comment-parser.js
FN:12,commentParser$run
FN:24,commentParser$parseComments
FN:132,flush
FN:147,commentParser$parseExamples
FN:200,flush
FNF:5
FNH:5
FNDA:4,commentParser$run
FNDA:9,commentParser$parseComments
FNDA:31,flush
FNDA:7,commentParser$parseExamples
FNDA:11,flush
DA:2,1
DA:3,1
DA:12,1
DA:13,4
DA:24,1
DA:25,9
DA:26,9
DA:28,9
DA:29,9
DA:30,9
DA:31,9
DA:32,9
DA:33,9
DA:35,9
DA:37,9
DA:44,698
DA:45,104
DA:46,2
DA:47,2
DA:48,2
DA:49,2
DA:51,594
DA:52,166
DA:56,4
DA:57,4
DA:58,4
DA:59,162
DA:61,4
DA:62,4
DA:63,4
DA:64,158
DA:66,1
DA:67,1
DA:68,1
DA:70,428
DA:71,24
DA:73,4
DA:74,4
DA:75,4
DA:76,4
DA:77,20
DA:79,6
DA:80,14
DA:81,2
DA:83,2
DA:84,12
DA:85,4
DA:86,4
DA:87,4
DA:88,4
DA:89,4
DA:91,404
DA:92,3
DA:94,0
DA:95,0
DA:96,0
DA:97,0
DA:98,3
DA:101,2
DA:104,1
DA:105,1
DA:106,1
DA:107,1
DA:108,1
DA:110,401
DA:111,17
DA:112,2
DA:113,2
DA:114,2
DA:115,2
DA:116,2
DA:117,15
DA:118,13
DA:119,13
DA:120,13
DA:121,13
DA:122,13
DA:126,653
DA:129,9
DA:130,9
DA:134,31
DA:135,31
DA:136,31
DA:147,1
DA:148,7
DA:149,7
DA:154,7
DA:155,21
DA:156,11
DA:157,11
DA:161,11
DA:167,11
DA:168,11
DA:169,2
DA:172,11
DA:173,3
DA:175,10
DA:176,10
DA:177,7
DA:178,3
DA:179,2
DA:180,2
DA:181,1
DA:182,0
DA:183,0
DA:184,1
DA:185,0
DA:186,0
DA:187,1
DA:188,0
DA:189,0
DA:194,7
DA:198,7
DA:201,11
DA:202,9
DA:205,11
LF:116
LH:106
BRDA:44,0,0,104
BRDA:44,0,1,594
BRDA:45,1,0,2
BRDA:45,1,1,102
BRDA:45,2,0,104
BRDA:45,2,1,2
BRDA:51,3,0,166
BRDA:51,3,1,428
BRDA:52,4,0,4
BRDA:52,4,1,162
BRDA:52,5,0,166
BRDA:52,5,1,9
BRDA:52,5,2,5
BRDA:59,6,0,4
BRDA:59,6,1,158
BRDA:59,7,0,162
BRDA:59,7,1,5
BRDA:59,7,2,4
BRDA:64,8,0,1
BRDA:64,8,1,157
BRDA:64,9,0,158
BRDA:64,9,1,1
BRDA:70,10,0,24
BRDA:70,10,1,404
BRDA:71,11,0,4
BRDA:71,11,1,20
BRDA:71,12,0,24
BRDA:71,12,1,4
BRDA:71,12,2,4
BRDA:71,12,3,4
BRDA:77,13,0,6
BRDA:77,13,1,14
BRDA:77,14,0,20
BRDA:77,14,1,12
BRDA:77,14,2,8
BRDA:80,15,0,2
BRDA:80,15,1,12
BRDA:80,16,0,14
BRDA:80,16,1,6
BRDA:80,16,2,2
BRDA:84,17,0,4
BRDA:84,17,1,8
BRDA:91,18,0,3
BRDA:91,18,1,401
BRDA:92,19,0,0
BRDA:92,19,1,3
BRDA:92,20,0,3
BRDA:92,20,1,0
BRDA:98,21,0,2
BRDA:98,21,1,1
BRDA:110,22,0,17
BRDA:110,22,1,384
BRDA:111,23,0,2
BRDA:111,23,1,15
BRDA:117,24,0,13
BRDA:117,24,1,2
BRDA:117,25,0,15
BRDA:117,25,1,13
BRDA:155,26,0,11
BRDA:155,26,1,10
BRDA:156,27,0,4
BRDA:156,27,1,7
BRDA:168,28,0,2
BRDA:168,28,1,9
BRDA:168,29,0,11
BRDA:168,29,1,2
BRDA:172,30,0,3
BRDA:172,30,1,8
BRDA:175,31,0,10
BRDA:175,31,1,0
BRDA:175,32,0,10
BRDA:175,32,1,10
BRDA:176,33,0,7
BRDA:176,33,1,3
BRDA:178,34,0,2
BRDA:178,34,1,1
BRDA:181,35,0,0
BRDA:181,35,1,1
BRDA:184,36,0,0
BRDA:184,36,1,1
BRDA:187,37,0,0
BRDA:187,37,1,1
BRDA:201,38,0,9
BRDA:201,38,1,2
BRF:84
BRH:78
end_of_record
TN:
SF:/Users/jun/dev/OII/jsdoctest/lib/get-example-code.js
FN:16,getExampleCode
FN:136,escapeString
FNF:2
FNH:2
FNDA:6,getExampleCode
FNDA:12,escapeString
DA:3,1
DA:17,6
DA:18,6
DA:19,6
DA:20,6
DA:21,6
DA:22,6
DA:24,6
DA:25,2
DA:41,4
DA:42,0
DA:74,4
DA:85,0
DA:99,0
DA:100,4
DA:111,0
DA:126,0
DA:128,4
DA:137,12
DA:140,1
LF:20
LH:15
BRDA:24,0,0,2
BRDA:24,0,1,4
BRDA:41,1,0,0
BRDA:41,1,1,4
BRDA:74,2,0,0
BRDA:74,2,1,4
BRDA:100,3,0,0
BRDA:100,3,1,4
BRF:8
BRH:5
end_of_record
TN:
SF:/Users/jun/dev/OII/jsdoctest/lib/index.js
FN:18,jsdoctest$run
FN:37,jsdoctest$getJsdoctests
FN:39,(anonymous_2)
FN:44,(anonymous_3)
FN:49,(anonymous_4)
FN:54,(anonymous_5)
FN:61,(anonymous_6)
FN:64,(anonymous_7)
FN:71,(anonymous_8)
FN:91,jsdoctest$registerTest
FN:102,(anonymous_10)
FN:105,(anonymous_11)
FN:123,jsdoctest$toJsdocRegister
FN:125,(anonymous_13)
FNF:14
FNH:4
FNDA:0,jsdoctest$run
FNDA:3,jsdoctest$getJsdoctests
FNDA:3,(anonymous_2)
FNDA:0,(anonymous_3)
FNDA:0,(anonymous_4)
FNDA:0,(anonymous_5)
FNDA:3,(anonymous_6)
FNDA:4,(anonymous_7)
FNDA:0,(anonymous_8)
FNDA:0,jsdoctest$registerTest
FNDA:0,(anonymous_10)
FNDA:0,(anonymous_11)
FNDA:0,jsdoctest$toJsdocRegister
FNDA:0,(anonymous_13)
DA:2,1
DA:3,1
DA:4,1
DA:5,1
DA:6,1
DA:7,1
DA:8,1
DA:10,1
DA:12,1
DA:18,1
DA:19,0
DA:20,0
DA:22,0
DA:23,0
DA:24,0
DA:25,0
DA:26,0
DA:28,0
DA:37,1
DA:38,3
DA:39,3
DA:40,3
DA:45,0
DA:50,0
DA:55,0
DA:61,3
DA:62,3
DA:63,3
DA:65,4
DA:69,3
DA:70,3
DA:72,0
DA:75,3
DA:76,3
DA:77,3
DA:80,3
DA:81,3
DA:82,3
DA:85,1
DA:91,1
DA:92,0
DA:102,1
DA:103,0
DA:105,0
DA:106,0
DA:107,0
DA:108,0
DA:110,0
DA:111,0
DA:115,0
DA:123,1
DA:124,0
DA:125,0
DA:126,0
DA:127,0
DA:128,0
DA:131,0
DA:135,1
DA:136,0
DA:138,0
DA:141,0
DA:142,0
DA:145,0
LF:63
LH:31
BRDA:12,0,0,1
BRDA:12,0,1,0
BRDA:41,1,0,3
BRDA:41,1,1,3
BRDA:41,1,2,3
BRDA:41,1,3,0
BRDA:41,1,4,0
BRDA:41,1,5,0
BRDA:41,1,6,0
BRDA:75,2,0,3
BRDA:75,2,1,0
BRDA:77,3,0,3
BRDA:77,3,1,0
BRDA:135,4,0,0
BRDA:135,4,1,1
BRDA:135,5,0,1
BRDA:135,5,1,1
BRDA:138,6,0,0
BRDA:138,6,1,0
BRF:19
BRH:9
end_of_record
TN:
SF:/Users/jun/dev/OII/jsdoctest/lib/mocha.js
FN:17,collect
FN:62,loadDoctests
FN:77,(anonymous_2)
FN:103,contentsToMochaSpec
FN:107,(anonymous_4)
FN:118,(anonymous_5)
FN:130,commentToMochaSpec
FN:136,(anonymous_7)
FN:162,toggleDoctestInjection
FN:167,(anonymous_9)
FN:205,getModuleName
FN:206,(anonymous_11)
FN:221,stripExtension
FNF:13
FNH:9
FNDA:0,collect
FNDA:3,loadDoctests
FNDA:0,(anonymous_2)
FNDA:3,contentsToMochaSpec
FNDA:3,(anonymous_4)
FNDA:3,(anonymous_5)
FNDA:3,commentToMochaSpec
FNDA:6,(anonymous_7)
FNDA:0,toggleDoctestInjection
FNDA:0,(anonymous_9)
FNDA:3,getModuleName
FNDA:3,(anonymous_11)
FNDA:3,stripExtension
DA:2,1
DA:3,1
DA:4,1
DA:5,1
DA:6,1
DA:7,1
DA:9,1
DA:10,1
DA:11,1
DA:15,1
DA:16,0
DA:18,0
DA:19,0
DA:28,0
DA:40,0
DA:41,0
DA:42,0
DA:44,0
DA:45,0
DA:46,0
DA:47,0
DA:62,1
DA:63,3
DA:65,3
DA:71,3
DA:72,3
DA:73,0
DA:74,3
DA:75,0
DA:77,3
DA:78,0
DA:81,3
DA:95,3
DA:103,1
DA:104,3
DA:106,3
DA:108,3
DA:111,0
DA:112,3
DA:114,3
DA:119,3
DA:130,1
DA:131,3
DA:132,3
DA:137,6
DA:162,1
DA:163,0
DA:164,0
DA:166,0
DA:167,0
DA:169,0
DA:170,0
DA:174,0
DA:176,0
DA:177,0
DA:184,0
DA:191,0
DA:205,1
DA:206,3
DA:207,3
DA:209,3
DA:210,0
DA:211,0
DA:212,0
DA:213,0
DA:214,0
DA:218,3
DA:219,3
DA:222,3
LF:69
LH:38
BRDA:15,0,0,0
BRDA:15,0,1,1
BRDA:15,1,0,1
BRDA:15,1,1,1
BRDA:72,2,0,0
BRDA:72,2,1,3
BRDA:74,3,0,0
BRDA:74,3,1,3
BRDA:81,4,0,0
BRDA:81,4,1,3
BRDA:106,5,0,0
BRDA:106,5,1,3
BRDA:131,6,0,3
BRDA:131,6,1,0
BRDA:139,7,0,6
BRDA:139,7,1,3
BRDA:142,8,0,2
BRDA:142,8,1,4
BRDA:142,9,0,6
BRDA:142,9,1,4
BRDA:163,10,0,0
BRDA:163,10,1,0
BRDA:166,11,0,0
BRDA:166,11,1,0
BRDA:169,12,0,0
BRDA:169,12,1,0
BRDA:174,13,0,0
BRDA:174,13,1,0
BRDA:177,14,0,0
BRDA:177,14,1,0
BRDA:178,15,0,0
BRDA:178,15,1,0
BRDA:178,15,2,0
BRDA:207,16,0,3
BRDA:207,16,1,3
BRDA:209,17,0,0
BRDA:209,17,1,3
BRDA:211,18,0,0
BRDA:211,18,1,0
BRDA:211,19,0,0
BRDA:211,19,1,0
BRDA:213,20,0,0
BRDA:213,20,1,0
BRDA:213,21,0,0
BRDA:213,21,1,0
BRDA:214,22,0,0
BRDA:214,22,1,0
BRF:47
BRH:17
end_of_record
TN:
SF:/Users/jun/dev/OII/jsdoctest/lib/util.js
FN:13,trimString
FN:18,stripBOM
FNF:2
FNH:2
FNDA:31,trimString
FNDA:3,stripBOM
DA:13,1
DA:14,31
DA:18,1
DA:22,3
DA:23,0
DA:25,3
LF:6
LH:5
BRDA:22,0,0,0
BRDA:22,0,1,3
BRF:2
BRH:1
end_of_record
